{"C:\\Users\\victo\\project2\\backend\\errors\\email-already-taken-error.js": {"path":"C:\\Users\\victo\\project2\\backend\\errors\\email-already-taken-error.js","statementMap":{"0":{"start":{"line":1,"column":0},"end":{"line":6,"column":1}},"1":{"start":{"line":3,"column":8},"end":{"line":3,"column":23}},"2":{"start":{"line":4,"column":8},"end":{"line":4,"column":45}}},"fnMap":{"0":{"name":"(anonymous_0)","decl":{"start":{"line":2,"column":4},"end":{"line":2,"column":5}},"loc":{"start":{"line":2,"column":25},"end":{"line":5,"column":5}},"line":2}},"branchMap":{},"s":{"0":1,"1":1,"2":1},"f":{"0":1},"b":{},"_coverageSchema":"1a1c01bbd47fc00a2c39e90264f33305004495a9","hash":"74fcf3a960b7ccb5134e4609a90a38d4d3053cde"}
,"C:\\Users\\victo\\project2\\backend\\errors\\length-validation-error.js": {"path":"C:\\Users\\victo\\project2\\backend\\errors\\length-validation-error.js","statementMap":{"0":{"start":{"line":1,"column":0},"end":{"line":6,"column":1}},"1":{"start":{"line":3,"column":8},"end":{"line":3,"column":23}},"2":{"start":{"line":4,"column":8},"end":{"line":4,"column":44}}},"fnMap":{"0":{"name":"(anonymous_0)","decl":{"start":{"line":2,"column":4},"end":{"line":2,"column":5}},"loc":{"start":{"line":2,"column":25},"end":{"line":5,"column":5}},"line":2}},"branchMap":{},"s":{"0":1,"1":2,"2":2},"f":{"0":2},"b":{},"_coverageSchema":"1a1c01bbd47fc00a2c39e90264f33305004495a9","hash":"427d27e412604d5a288f7d8a18605d31a50d0064"}
,"C:\\Users\\victo\\project2\\backend\\errors\\password-matching-error.js": {"path":"C:\\Users\\victo\\project2\\backend\\errors\\password-matching-error.js","statementMap":{"0":{"start":{"line":1,"column":0},"end":{"line":6,"column":1}},"1":{"start":{"line":3,"column":8},"end":{"line":3,"column":23}},"2":{"start":{"line":4,"column":8},"end":{"line":4,"column":44}}},"fnMap":{"0":{"name":"(anonymous_0)","decl":{"start":{"line":2,"column":4},"end":{"line":2,"column":5}},"loc":{"start":{"line":2,"column":25},"end":{"line":5,"column":5}},"line":2}},"branchMap":{},"s":{"0":1,"1":1,"2":1},"f":{"0":1},"b":{},"_coverageSchema":"1a1c01bbd47fc00a2c39e90264f33305004495a9","hash":"53248a36e967a513ae9e2e0ae260d93ae0aa7bcc"}
,"C:\\Users\\victo\\project2\\backend\\errors\\username-already-taken-error.js": {"path":"C:\\Users\\victo\\project2\\backend\\errors\\username-already-taken-error.js","statementMap":{"0":{"start":{"line":1,"column":0},"end":{"line":6,"column":1}},"1":{"start":{"line":3,"column":8},"end":{"line":3,"column":23}},"2":{"start":{"line":4,"column":8},"end":{"line":4,"column":48}}},"fnMap":{"0":{"name":"(anonymous_0)","decl":{"start":{"line":2,"column":4},"end":{"line":2,"column":5}},"loc":{"start":{"line":2,"column":25},"end":{"line":5,"column":5}},"line":2}},"branchMap":{},"s":{"0":1,"1":1,"2":1},"f":{"0":1},"b":{},"_coverageSchema":"1a1c01bbd47fc00a2c39e90264f33305004495a9","hash":"015934b31328805ad31895949e2933fb87003799"}
,"C:\\Users\\victo\\project2\\backend\\service\\user-service.js": {"path":"C:\\Users\\victo\\project2\\backend\\service\\user-service.js","statementMap":{"0":{"start":{"line":1,"column":30},"end":{"line":1,"column":74}},"1":{"start":{"line":2,"column":34},"end":{"line":2,"column":83}},"2":{"start":{"line":3,"column":31},"end":{"line":3,"column":77}},"3":{"start":{"line":4,"column":30},"end":{"line":4,"column":74}},"4":{"start":{"line":5,"column":65},"end":{"line":5,"column":101}},"5":{"start":{"line":6,"column":15},"end":{"line":6,"column":32}},"6":{"start":{"line":18,"column":4},"end":{"line":20,"column":5}},"7":{"start":{"line":19,"column":8},"end":{"line":19,"column":95}},"8":{"start":{"line":23,"column":15},"end":{"line":23,"column":47}},"9":{"start":{"line":24,"column":4},"end":{"line":26,"column":5}},"10":{"start":{"line":25,"column":8},"end":{"line":25,"column":97}},"11":{"start":{"line":29,"column":20},"end":{"line":29,"column":50}},"12":{"start":{"line":30,"column":4},"end":{"line":32,"column":5}},"13":{"start":{"line":31,"column":8},"end":{"line":31,"column":91}},"14":{"start":{"line":35,"column":4},"end":{"line":37,"column":5}},"15":{"start":{"line":36,"column":8},"end":{"line":36,"column":84}},"16":{"start":{"line":40,"column":25},"end":{"line":40,"column":56}},"17":{"start":{"line":42,"column":4},"end":{"line":44,"column":36}},"18":{"start":{"line":47,"column":0},"end":{"line":49,"column":2}}},"fnMap":{"0":{"name":"registerValidation","decl":{"start":{"line":13,"column":15},"end":{"line":13,"column":33}},"loc":{"start":{"line":15,"column":45},"end":{"line":45,"column":1}},"line":15}},"branchMap":{"0":{"loc":{"start":{"line":18,"column":4},"end":{"line":20,"column":5}},"type":"if","locations":[{"start":{"line":18,"column":4},"end":{"line":20,"column":5}},{"start":{},"end":{}}],"line":18},"1":{"loc":{"start":{"line":18,"column":8},"end":{"line":18,"column":50}},"type":"binary-expr","locations":[{"start":{"line":18,"column":8},"end":{"line":18,"column":27}},{"start":{"line":18,"column":31},"end":{"line":18,"column":50}}],"line":18},"2":{"loc":{"start":{"line":24,"column":4},"end":{"line":26,"column":5}},"type":"if","locations":[{"start":{"line":24,"column":4},"end":{"line":26,"column":5}},{"start":{},"end":{}}],"line":24},"3":{"loc":{"start":{"line":30,"column":4},"end":{"line":32,"column":5}},"type":"if","locations":[{"start":{"line":30,"column":4},"end":{"line":32,"column":5}},{"start":{},"end":{}}],"line":30},"4":{"loc":{"start":{"line":35,"column":4},"end":{"line":37,"column":5}},"type":"if","locations":[{"start":{"line":35,"column":4},"end":{"line":37,"column":5}},{"start":{},"end":{}}],"line":35}},"s":{"0":1,"1":1,"2":1,"3":1,"4":1,"5":1,"6":6,"7":2,"8":4,"9":4,"10":1,"11":3,"12":3,"13":1,"14":2,"15":1,"16":1,"17":1,"18":1},"f":{"0":6},"b":{"0":[2,4],"1":[6,5],"2":[1,3],"3":[1,2],"4":[1,1]},"_coverageSchema":"1a1c01bbd47fc00a2c39e90264f33305004495a9","hash":"606ba5e56d6e375cd8b58be929aeb617859aefdc"}
}
