TN:
SF:errors\email-already-taken-error.js
FN:2,(anonymous_0)
FNF:1
FNH:1
FNDA:1,(anonymous_0)
DA:1,1
DA:3,1
DA:4,1
LF:3
LH:3
BRF:0
BRH:0
end_of_record
TN:
SF:errors\length-validation-error.js
FN:2,(anonymous_0)
FNF:1
FNH:1
FNDA:2,(anonymous_0)
DA:1,1
DA:3,2
DA:4,2
LF:3
LH:3
BRF:0
BRH:0
end_of_record
TN:
SF:errors\password-matching-error.js
FN:2,(anonymous_0)
FNF:1
FNH:1
FNDA:1,(anonymous_0)
DA:1,1
DA:3,1
DA:4,1
LF:3
LH:3
BRF:0
BRH:0
end_of_record
TN:
SF:errors\password-not-in-database-error.js
FN:2,(anonymous_0)
FNF:1
FNH:1
FNDA:1,(anonymous_0)
DA:1,1
DA:3,1
DA:4,1
LF:3
LH:3
BRF:0
BRH:0
end_of_record
TN:
SF:errors\username-already-taken-error.js
FN:2,(anonymous_0)
FNF:1
FNH:1
FNDA:1,(anonymous_0)
DA:1,1
DA:3,1
DA:4,1
LF:3
LH:3
BRF:0
BRH:0
end_of_record
TN:
SF:errors\username-not-in-database-error.js
FN:2,(anonymous_0)
FNF:1
FNH:1
FNDA:1,(anonymous_0)
DA:1,1
DA:3,1
DA:4,1
LF:3
LH:3
BRF:0
BRH:0
end_of_record
TN:
SF:service\login-service.js
FN:10,loginValidation
FNF:1
FNH:1
FNDA:3,loginValidation
DA:2,1
DA:3,1
DA:4,1
DA:5,1
DA:13,3
DA:14,3
DA:15,1
DA:19,2
DA:20,2
DA:21,1
DA:25,1
LF:11
LH:11
BRDA:14,0,0,1
BRDA:14,0,1,2
BRDA:20,1,0,1
BRDA:20,1,1,1
BRF:4
BRH:4
end_of_record
TN:
SF:service\register-service.js
FN:13,registerValidation
FNF:1
FNH:1
FNDA:6,registerValidation
DA:1,1
DA:2,1
DA:3,1
DA:4,1
DA:5,1
DA:6,1
DA:18,6
DA:19,2
DA:23,4
DA:24,4
DA:25,1
DA:29,3
DA:30,3
DA:31,1
DA:35,2
DA:36,1
DA:40,1
DA:42,1
DA:47,1
LF:19
LH:19
BRDA:18,0,0,2
BRDA:18,0,1,4
BRDA:18,1,0,6
BRDA:18,1,1,5
BRDA:24,2,0,1
BRDA:24,2,1,3
BRDA:30,3,0,1
BRDA:30,3,1,2
BRDA:35,4,0,1
BRDA:35,4,1,1
BRF:10
BRH:10
end_of_record
